<?xml version="1.0" encoding="UTF-8"?>
<!-- Generated by org.testng.reporters.JUnitReportReporter -->
<testsuite hostname="ShweSoundh" failures="0" tests="1" name="sample.Demo"
	time="0.012" errors="0" timestamp="2025-03-27T10:26:57 IST" skipped="0">
	<testcase classname="sample.Demo" name="demo" time="0.012" />
</testsuite> <!--
sample.Demo -->
